<?xml version="1.0" encoding="UTF-8"?>
<!-- Generated by org.testng.reporters.JUnitReportReporter -->
<testsuite hostname="cra-prof-testing" failures="0" tests="1" name="TestObject.test_url_title" time="3.417" errors="0" timestamp="2023-06-22T18:04:13 IST" skipped="0">
  <testcase classname="TestObject.test_url_title" name="test_url" time="3.417"/>
  <system-out/>
</testsuite> <!-- TestObject.test_url_title -->
