<?xml version="1.0" encoding="UTF-8"?>
<!-- Generated by org.testng.reporters.JUnitReportReporter -->
<testsuite hostname="cra-prof-testing" failures="0" tests="2" name="TestObject.sample_test" time="6.917" errors="0" timestamp="2023-06-22T16:57:25 IST" skipped="0">
  <testcase classname="TestObject.sample_test" name="test" time="3.626"/>
  <system-out/>
  <testcase classname="TestObject.sample_test" name="test1" time="3.291"/>
  <system-out/>
</testsuite> <!-- TestObject.sample_test -->
